<?xml version="1.0" encoding="UTF-8"?>
<testng-results ignored="0" total="2" passed="2" failed="0" skipped="0">
  <reporter-output>
    <line>
      <![CDATA[opeining flights]]>
    </line>
    <line>
      <![CDATA[opeining rail]]>
    </line>
  </reporter-output>
  <suite started-at="2023-08-03T09:42:38 IST" name="Suite" finished-at="2023-08-03T09:42:54 IST" duration-ms="15718">
    <groups>
    </groups>
    <test started-at="2023-08-03T09:42:38 IST" name="Test" finished-at="2023-08-03T09:42:54 IST" duration-ms="15718">
      <class name="yatri.Railyatri">
        <test-method signature="railticket()[pri:0, instance:yatri.Railyatri@5158b42f]" started-at="2023-08-03T09:42:50 IST" name="railticket" finished-at="2023-08-03T09:42:54 IST" duration-ms="4085" status="PASS">
          <reporter-output>
            <line>
              <![CDATA[opeining rail]]>
            </line>
          </reporter-output>
        </test-method> <!-- railticket -->
      </class> <!-- yatri.Railyatri -->
      <class name="yatri.Bus">
        <test-method signature="bus()[pri:0, instance:yatri.Bus@6d763516]" started-at="2023-08-03T09:42:38 IST" name="bus" finished-at="2023-08-03T09:42:50 IST" duration-ms="11568" status="PASS">
          <reporter-output>
            <line>
              <![CDATA[opeining flights]]>
            </line>
          </reporter-output>
        </test-method> <!-- bus -->
      </class> <!-- yatri.Bus -->
    </test> <!-- Test -->
  </suite> <!-- Suite -->
</testng-results>
